<?xml version="1.0" encoding="UTF-8"?>
<!-- Generated by org.testng.reporters.JUnitXMLReporter -->
<testsuite ignored="1" hostname="Macbooks-MacBook-Pro.local" failures="2" tests="3" name="LoginTests" time="15.424" errors="0" timestamp="2026-02-05T11:23:53 GMT">
  <testcase classname="TestScripts.LoginTestClass" name="loginDataDataProvider" time="0.682"/>
  <testcase classname="TestScripts.LoginTestClass" name="loginDataDataProvider" time="0.64">
    <failure type="java.lang.AssertionError" message="expected [true] but found [false]">
      <![CDATA[java.lang.AssertionError: expected [true] but found [false]
at TestScripts.LoginTestClass.loginDataDataProvider(LoginTestClass.java:35)
at java.base/java.util.ArrayList.forEach(ArrayList.java:1596)
... Removed 29 stack frames]]>
    </failure>
  </testcase> <!-- loginDataDataProvider -->
  <testcase classname="TestScripts.LoginTestClass" name="loginDataDataProvider" time="0.677">
    <failure type="java.lang.AssertionError" message="expected [true] but found [false]">
      <![CDATA[java.lang.AssertionError: expected [true] but found [false]
at TestScripts.LoginTestClass.loginDataDataProvider(LoginTestClass.java:35)
at java.base/java.util.ArrayList.forEach(ArrayList.java:1596)
... Removed 29 stack frames]]>
    </failure>
  </testcase> <!-- loginDataDataProvider -->
  <testcase classname="TestScripts.LoginTestClass" name="verifyLoginWithValidCredencials" time="0.0">
    <ignored/>
  </testcase> <!-- verifyLoginWithValidCredencials -->
</testsuite> <!-- LoginTests -->
