<?xml version="1.0" encoding="UTF-8"?>
<!-- Generated by org.testng.reporters.JUnitXMLReporter -->
<testsuite ignored="1" hostname="Macbooks-MacBook-Pro.local" failures="0" tests="3" name="LoginTests" time="15.104" errors="0" timestamp="2026-02-05T12:37:39 GMT">
  <testcase classname="TestScripts.LoginTestClass" name="loginDataDataProvider" time="1.408"/>
  <testcase classname="TestScripts.LoginTestClass" name="loginDataDataProvider" time="0.772"/>
  <testcase classname="TestScripts.LoginTestClass" name="loginDataDataProvider" time="0.751"/>
  <testcase classname="TestScripts.LoginTestClass" name="verifyLoginWithValidCredencials" time="0.0">
    <ignored/>
  </testcase> <!-- verifyLoginWithValidCredencials -->
</testsuite> <!-- LoginTests -->
