<?xml version="1.0" encoding="UTF-8"?>
<!-- Generated by org.testng.reporters.JUnitXMLReporter -->
<testsuite ignored="1" hostname="Macbooks-MacBook-Pro.local" failures="0" tests="6" name="Surefire test" time="36.835" errors="0" timestamp="2026-02-20T18:19:13 GMT">
  <testcase classname="TestScripts.APITest" name="verifyUserAPI" time="2.02"/>
  <testcase classname="herokuapp.com.LoginTest" name="verifyLoginPageTitle" time="0.012"/>
  <testcase classname="herokuapp.com.LoginTest" name="verifyLoginPageTitle" time="0.009"/>
  <testcase classname="herokuapp.com.NewTest" name="verifyLoginWithValidCredencials" time="5.452"/>
  <testcase classname="herokuapp.com.NewTest" name="verifyLoginWithValidCredencials" time="6.208"/>
  <testcase classname="herokuapp.com.NewTest" name="verifyLoginWithValidCredencials" time="5.631"/>
  <testcase classname="TestScripts.CheckboxTest" name="verifySelectCheckboxIfNotSelected" time="0.0">
    <ignored/>
  </testcase> <!-- verifySelectCheckboxIfNotSelected -->
</testsuite> <!-- Surefire test -->
