<?xml version="1.0" encoding="UTF-8"?>
<!-- Generated by org.testng.reporters.JUnitXMLReporter -->
<testsuite ignored="0" hostname="Macbooks-MacBook-Pro.local" failures="0" tests="3" name="Default test" time="18.331" errors="0" timestamp="2026-02-18T13:03:27 GMT">
  <testcase classname="TestScripts.LoginTestExcel" name="loginDataFromExcel" time="1.658"/>
  <testcase classname="TestScripts.LoginTestExcel" name="loginDataFromExcel" time="0.726"/>
  <testcase classname="TestScripts.LoginTestExcel" name="loginDataFromExcel" time="1.215"/>
</testsuite> <!-- Default test -->
