<?xml version="1.0" encoding="UTF-8"?>
<testng-results ignored="1" total="7" passed="6" failed="0" skipped="0">
  <reporter-output>
  </reporter-output>
  <suite started-at="2026-02-20T18:18:36 GMT" name="Surefire suite" finished-at="2026-02-20T18:19:13 GMT" duration-ms="36835">
    <groups>
    </groups>
    <test started-at="2026-02-20T18:18:36 GMT" name="Surefire test" finished-at="2026-02-20T18:19:13 GMT" duration-ms="36835">
      <class name="herokuapp.com.LoginTest">
        <test-method is-config="true" signature="setUp(java.lang.String)[pri:0, instance:herokuapp.com.LoginTest@2667f029]" started-at="2026-02-20T18:18:38 GMT" name="setUp" finished-at="2026-02-20T18:18:48 GMT" duration-ms="9839" status="PASS">
          <params>
            <param index="0">
              <value>
                <![CDATA[chrome]]>
              </value>
            </param>
          </params>
          <reporter-output>
          </reporter-output>
        </test-method> <!-- setUp -->
        <test-method signature="verifyLoginPageTitle()[pri:0, instance:herokuapp.com.LoginTest@2667f029]" started-at="2026-02-20T18:18:48 GMT" name="verifyLoginPageTitle" finished-at="2026-02-20T18:18:48 GMT" duration-ms="12" status="PASS">
          <reporter-output>
          </reporter-output>
        </test-method> <!-- verifyLoginPageTitle -->
        <test-method is-config="true" signature="tearDown(org.testng.ITestResult)[pri:0, instance:herokuapp.com.LoginTest@2667f029]" started-at="2026-02-20T18:18:48 GMT" name="tearDown" finished-at="2026-02-20T18:18:48 GMT" duration-ms="162" status="PASS">
          <params>
            <param index="0">
              <value>
                <![CDATA[[TestResult name=verifyLoginPageTitle status=SUCCESS method=LoginTest.verifyLoginPageTitle()[pri:0, instance:herokuapp.com.LoginTest@2667f029] output={null}]]]>
              </value>
            </param>
          </params>
          <reporter-output>
          </reporter-output>
        </test-method> <!-- tearDown -->
        <test-method is-config="true" signature="setUp(java.lang.String)[pri:0, instance:herokuapp.com.LoginTest@2667f029]" started-at="2026-02-20T18:18:48 GMT" name="setUp" finished-at="2026-02-20T18:18:55 GMT" duration-ms="7288" status="PASS">
          <params>
            <param index="0">
              <value>
                <![CDATA[chrome]]>
              </value>
            </param>
          </params>
          <reporter-output>
          </reporter-output>
        </test-method> <!-- setUp -->
        <test-method signature="verifyLoginPageTitle()[pri:0, instance:herokuapp.com.LoginTest@2667f029]" started-at="2026-02-20T18:18:55 GMT" name="verifyLoginPageTitle" finished-at="2026-02-20T18:18:55 GMT" duration-ms="9" status="PASS">
          <reporter-output>
          </reporter-output>
        </test-method> <!-- verifyLoginPageTitle -->
        <test-method is-config="true" signature="tearDown(org.testng.ITestResult)[pri:0, instance:herokuapp.com.LoginTest@2667f029]" started-at="2026-02-20T18:18:55 GMT" name="tearDown" finished-at="2026-02-20T18:18:55 GMT" duration-ms="165" status="PASS">
          <params>
            <param index="0">
              <value>
                <![CDATA[[TestResult name=verifyLoginPageTitle status=SUCCESS method=LoginTest.verifyLoginPageTitle()[pri:0, instance:herokuapp.com.LoginTest@2667f029] output={null}]]]>
              </value>
            </param>
          </params>
          <reporter-output>
          </reporter-output>
        </test-method> <!-- tearDown -->
      </class> <!-- herokuapp.com.LoginTest -->
      <class name="herokuapp.com.NewTest">
        <test-method signature="verifyLoginWithValidCredencials(java.lang.String,java.lang.String,java.lang.String)[pri:1, instance:herokuapp.com.NewTest@67a20f67]" started-at="2026-02-20T18:18:55 GMT" name="verifyLoginWithValidCredencials" data-provider="LoginData" finished-at="2026-02-20T18:19:01 GMT" duration-ms="5452" status="PASS">
          <params>
            <param index="0">
              <value>
                <![CDATA[tomsmith]]>
              </value>
            </param>
            <param index="1">
              <value>
                <![CDATA[SuperSecretPassword!]]>
              </value>
            </param>
            <param index="2">
              <value>
                <![CDATA[success]]>
              </value>
            </param>
          </params>
          <reporter-output>
          </reporter-output>
        </test-method> <!-- verifyLoginWithValidCredencials -->
        <test-method signature="verifyLoginWithValidCredencials(java.lang.String,java.lang.String,java.lang.String)[pri:1, instance:herokuapp.com.NewTest@67a20f67]" started-at="2026-02-20T18:19:01 GMT" name="verifyLoginWithValidCredencials" data-provider="LoginData" finished-at="2026-02-20T18:19:07 GMT" duration-ms="6208" status="PASS">
          <params>
            <param index="0">
              <value>
                <![CDATA[tomsmith]]>
              </value>
            </param>
            <param index="1">
              <value>
                <![CDATA[invalid password]]>
              </value>
            </param>
            <param index="2">
              <value>
                <![CDATA[failure]]>
              </value>
            </param>
          </params>
          <reporter-output>
          </reporter-output>
        </test-method> <!-- verifyLoginWithValidCredencials -->
        <test-method signature="verifyLoginWithValidCredencials(java.lang.String,java.lang.String,java.lang.String)[pri:1, instance:herokuapp.com.NewTest@67a20f67]" started-at="2026-02-20T18:19:07 GMT" name="verifyLoginWithValidCredencials" data-provider="LoginData" finished-at="2026-02-20T18:19:13 GMT" duration-ms="5631" status="PASS">
          <params>
            <param index="0">
              <value>
                <![CDATA[invalid username]]>
              </value>
            </param>
            <param index="1">
              <value>
                <![CDATA[SuperSecretPassword]]>
              </value>
            </param>
            <param index="2">
              <value>
                <![CDATA[failure]]>
              </value>
            </param>
          </params>
          <reporter-output>
          </reporter-output>
        </test-method> <!-- verifyLoginWithValidCredencials -->
      </class> <!-- herokuapp.com.NewTest -->
      <class name="TestScripts.APITest">
        <test-method signature="verifyUserAPI()[pri:0, instance:TestScripts.APITest@433d61fb]" started-at="2026-02-20T18:18:36 GMT" name="verifyUserAPI" finished-at="2026-02-20T18:18:38 GMT" duration-ms="2020" status="PASS">
          <reporter-output>
          </reporter-output>
        </test-method> <!-- verifyUserAPI -->
      </class> <!-- TestScripts.APITest -->
    </test> <!-- Surefire test -->
  </suite> <!-- Surefire suite -->
</testng-results>
