<?xml version="1.0" encoding="UTF-8"?>
<testng-results ignored="0" total="1" passed="1" failed="0" skipped="0">
  <reporter-output>
  </reporter-output>
  <suite started-at="2026-02-20T18:28:47 GMT" name="Default suite" finished-at="2026-02-20T18:28:50 GMT" duration-ms="2508">
    <groups>
    </groups>
    <test started-at="2026-02-20T18:28:47 GMT" name="Default test" finished-at="2026-02-20T18:28:50 GMT" duration-ms="2508">
      <class name="TestScripts.APITest">
        <test-method signature="verifyUserAPI()[pri:0, instance:TestScripts.APITest@38425407]" started-at="2026-02-20T18:28:47 GMT" name="verifyUserAPI" finished-at="2026-02-20T18:28:50 GMT" duration-ms="2457" status="PASS">
          <reporter-output>
          </reporter-output>
        </test-method> <!-- verifyUserAPI -->
      </class> <!-- TestScripts.APITest -->
    </test> <!-- Default test -->
  </suite> <!-- Default suite -->
</testng-results>
