<?xml version="1.0" encoding="UTF-8"?>
<testng-results ignored="0" total="3" passed="3" failed="0" skipped="0">
  <reporter-output>
  </reporter-output>
  <suite started-at="2026-02-18T13:03:08 GMT" name="Default suite" finished-at="2026-02-18T13:03:27 GMT" duration-ms="18331">
    <groups>
    </groups>
    <test started-at="2026-02-18T13:03:08 GMT" name="Default test" finished-at="2026-02-18T13:03:27 GMT" duration-ms="18331">
      <class name="TestScripts.LoginTestExcel">
        <test-method is-config="true" signature="setUp(java.lang.String)[pri:0, instance:TestScripts.LoginTestExcel@9d5509a]" started-at="2026-02-18T13:03:09 GMT" name="setUp" finished-at="2026-02-18T13:03:14 GMT" duration-ms="5425" status="PASS">
          <params>
            <param index="0">
              <value>
                <![CDATA[chrome]]>
              </value>
            </param>
          </params>
          <reporter-output>
          </reporter-output>
        </test-method> <!-- setUp -->
        <test-method signature="loginDataFromExcel(java.lang.String,java.lang.String,java.lang.String)[pri:0, instance:TestScripts.LoginTestExcel@9d5509a]" started-at="2026-02-18T13:03:14 GMT" name="loginDataFromExcel" data-provider="LoginTestExcel" finished-at="2026-02-18T13:03:16 GMT" duration-ms="1658" status="PASS">
          <params>
            <param index="0">
              <value>
                <![CDATA[tomsmith]]>
              </value>
            </param>
            <param index="1">
              <value>
                <![CDATA[SuperSecretPassword!]]>
              </value>
            </param>
            <param index="2">
              <value>
                <![CDATA[Success]]>
              </value>
            </param>
          </params>
          <reporter-output>
          </reporter-output>
        </test-method> <!-- loginDataFromExcel -->
        <test-method is-config="true" signature="tearDown(org.testng.ITestResult)[pri:0, instance:TestScripts.LoginTestExcel@9d5509a]" started-at="2026-02-18T13:03:16 GMT" name="tearDown" finished-at="2026-02-18T13:03:16 GMT" duration-ms="166" status="PASS">
          <params>
            <param index="0">
              <value>
                <![CDATA[[TestResult name=loginDataFromExcel status=SUCCESS method=LoginTestExcel.loginDataFromExcel(java.lang.String,java.lang.String,java.lang.String)[pri:0, instance:TestScripts.LoginTestExcel@9d5509a] output={null}]]]>
              </value>
            </param>
          </params>
          <reporter-output>
          </reporter-output>
        </test-method> <!-- tearDown -->
        <test-method is-config="true" signature="setUp(java.lang.String)[pri:0, instance:TestScripts.LoginTestExcel@9d5509a]" started-at="2026-02-18T13:03:16 GMT" name="setUp" finished-at="2026-02-18T13:03:21 GMT" duration-ms="4618" status="PASS">
          <params>
            <param index="0">
              <value>
                <![CDATA[chrome]]>
              </value>
            </param>
          </params>
          <reporter-output>
          </reporter-output>
        </test-method> <!-- setUp -->
        <test-method signature="loginDataFromExcel(java.lang.String,java.lang.String,java.lang.String)[pri:0, instance:TestScripts.LoginTestExcel@9d5509a]" started-at="2026-02-18T13:03:21 GMT" name="loginDataFromExcel" data-provider="LoginTestExcel" finished-at="2026-02-18T13:03:22 GMT" duration-ms="726" status="PASS">
          <params>
            <param index="0">
              <value>
                <![CDATA[tomsmith]]>
              </value>
            </param>
            <param index="1">
              <value>
                <![CDATA[wrongPass]]>
              </value>
            </param>
            <param index="2">
              <value>
                <![CDATA[Failure]]>
              </value>
            </param>
          </params>
          <reporter-output>
          </reporter-output>
        </test-method> <!-- loginDataFromExcel -->
        <test-method is-config="true" signature="tearDown(org.testng.ITestResult)[pri:0, instance:TestScripts.LoginTestExcel@9d5509a]" started-at="2026-02-18T13:03:22 GMT" name="tearDown" finished-at="2026-02-18T13:03:22 GMT" duration-ms="154" status="PASS">
          <params>
            <param index="0">
              <value>
                <![CDATA[[TestResult name=loginDataFromExcel status=SUCCESS method=LoginTestExcel.loginDataFromExcel(java.lang.String,java.lang.String,java.lang.String)[pri:0, instance:TestScripts.LoginTestExcel@9d5509a] output={null}]]]>
              </value>
            </param>
          </params>
          <reporter-output>
          </reporter-output>
        </test-method> <!-- tearDown -->
        <test-method is-config="true" signature="setUp(java.lang.String)[pri:0, instance:TestScripts.LoginTestExcel@9d5509a]" started-at="2026-02-18T13:03:22 GMT" name="setUp" finished-at="2026-02-18T13:03:25 GMT" duration-ms="3586" status="PASS">
          <params>
            <param index="0">
              <value>
                <![CDATA[chrome]]>
              </value>
            </param>
          </params>
          <reporter-output>
          </reporter-output>
        </test-method> <!-- setUp -->
        <test-method signature="loginDataFromExcel(java.lang.String,java.lang.String,java.lang.String)[pri:0, instance:TestScripts.LoginTestExcel@9d5509a]" started-at="2026-02-18T13:03:25 GMT" name="loginDataFromExcel" data-provider="LoginTestExcel" finished-at="2026-02-18T13:03:26 GMT" duration-ms="1215" status="PASS">
          <params>
            <param index="0">
              <value>
                <![CDATA[tomsmith]]>
              </value>
            </param>
            <param index="1">
              <value>
                <![CDATA[SuperSecretPassword!]]>
              </value>
            </param>
            <param index="2">
              <value>
                <![CDATA[Success]]>
              </value>
            </param>
          </params>
          <reporter-output>
          </reporter-output>
        </test-method> <!-- loginDataFromExcel -->
        <test-method is-config="true" signature="tearDown(org.testng.ITestResult)[pri:0, instance:TestScripts.LoginTestExcel@9d5509a]" started-at="2026-02-18T13:03:26 GMT" name="tearDown" finished-at="2026-02-18T13:03:27 GMT" duration-ms="122" status="PASS">
          <params>
            <param index="0">
              <value>
                <![CDATA[[TestResult name=loginDataFromExcel status=SUCCESS method=LoginTestExcel.loginDataFromExcel(java.lang.String,java.lang.String,java.lang.String)[pri:0, instance:TestScripts.LoginTestExcel@9d5509a] output={null}]]]>
              </value>
            </param>
          </params>
          <reporter-output>
          </reporter-output>
        </test-method> <!-- tearDown -->
      </class> <!-- TestScripts.LoginTestExcel -->
    </test> <!-- Default test -->
  </suite> <!-- Default suite -->
</testng-results>
