<?xml version="1.0" encoding="UTF-8"?>
<!-- Generated by org.testng.reporters.JUnitReportReporter -->
<testsuite hostname="Macbooks-MacBook-Pro.local" failures="0" tests="3" name="TestScripts.LoginTestExcel" time="17.670" errors="0" timestamp="2026-02-18T13:03:27 GMT" skipped="0">
  <testcase classname="TestScripts.LoginTestExcel" name="loginDataFromExcel" time="5.466"/>
  <testcase classname="TestScripts.LoginTestExcel" name="loginDataFromExcel" time="6.794"/>
  <testcase classname="TestScripts.LoginTestExcel" name="loginDataFromExcel" time="5.410"/>
</testsuite> <!-- TestScripts.LoginTestExcel -->
