<?xml version="1.0" encoding="UTF-8"?>
<!-- Generated by org.testng.reporters.JUnitReportReporter -->
<testsuite hostname="Macbooks-MacBook-Pro.local" failures="0" tests="2" name="herokuapp.com.LoginTest" time="8.322" errors="0" timestamp="2026-02-05T10:39:00 GMT" skipped="0">
  <testcase classname="herokuapp.com.LoginTest" name="verifyLoginPageTitle" time="4.731"/>
  <testcase classname="herokuapp.com.LoginTest" name="verifyLoginPageTitle" time="3.591"/>
</testsuite> <!-- herokuapp.com.LoginTest -->
