<?xml version="1.0" encoding="UTF-8"?>
<!-- Generated by org.testng.reporters.JUnitReportReporter -->
<testsuite hostname="Macbooks-MacBook-Pro.local" failures="0" tests="4" name="TestScripts.LoginTestClass" time="15.046" errors="0" timestamp="2026-02-05T12:37:39 GMT" skipped="1">
  <testcase classname="TestScripts.LoginTestClass" name="loginDataDataProvider" time="5.705"/>
  <testcase classname="TestScripts.LoginTestClass" name="loginDataDataProvider" time="4.488"/>
  <testcase classname="TestScripts.LoginTestClass" name="loginDataDataProvider" time="4.853"/>
  <testcase classname="TestScripts.LoginTestClass" name="verifyLoginWithValidCredencials">
    <skipped/>
  </testcase> <!-- verifyLoginWithValidCredencials -->
</testsuite> <!-- TestScripts.LoginTestClass -->
