<?xml version="1.0" encoding="UTF-8"?>
<!-- Generated by org.testng.reporters.JUnitReportReporter -->
<testsuite hostname="Macbooks-MacBook-Pro.local" failures="0" tests="3" name="herokuapp.com.NewTest" time="13.606" errors="0" timestamp="2026-02-09T10:33:15 GMT" skipped="0">
  <testcase classname="herokuapp.com.NewTest" name="verifyLoginWithValidCredencials" time="5.947"/>
  <testcase classname="herokuapp.com.NewTest" name="verifyLoginWithValidCredencials" time="3.963"/>
  <testcase classname="herokuapp.com.NewTest" name="verifyLoginWithValidCredencials" time="3.696"/>
</testsuite> <!-- herokuapp.com.NewTest -->
