<?xml version="1.0" encoding="UTF-8"?>
<!-- Generated by org.testng.reporters.JUnitXMLReporter -->
<testsuite ignored="1" hostname="Macbooks-MacBook-Pro.local" failures="2" tests="3" name="ChromeTest" time="14.722" errors="0" timestamp="2026-02-05T12:07:54 GMT">
  <testcase classname="TestScripts.LoginTestClass" name="loginDataDataProvider" time="2.362"/>
  <testcase classname="TestScripts.LoginTestClass" name="loginDataDataProvider" time="0.697">
    <failure type="java.lang.AssertionError" message="The following asserts failed:
	Expected invalid login message not displayed expected [true] but found [false]">
      <![CDATA[java.lang.AssertionError: The following asserts failed:
Expected invalid login message not displayed expected [true] but found [false]
at TestScripts.LoginTestClass.loginDataDataProvider(LoginTestClass.java:42)
at java.base/java.util.ArrayList.forEach(ArrayList.java:1596)
... Removed 27 stack frames]]>
    </failure>
  </testcase> <!-- loginDataDataProvider -->
  <testcase classname="TestScripts.LoginTestClass" name="loginDataDataProvider" time="0.613">
    <failure type="java.lang.AssertionError" message="The following asserts failed:
	Expected invalid login message not displayed expected [true] but found [false]">
      <![CDATA[java.lang.AssertionError: The following asserts failed:
Expected invalid login message not displayed expected [true] but found [false]
at TestScripts.LoginTestClass.loginDataDataProvider(LoginTestClass.java:42)
at java.base/java.util.ArrayList.forEach(ArrayList.java:1596)
... Removed 27 stack frames]]>
    </failure>
  </testcase> <!-- loginDataDataProvider -->
  <testcase classname="TestScripts.LoginTestClass" name="verifyLoginWithValidCredencials" time="0.0">
    <ignored/>
  </testcase> <!-- verifyLoginWithValidCredencials -->
</testsuite> <!-- ChromeTest -->
