<?xml version="1.0" encoding="UTF-8"?>
<!-- Generated by org.testng.reporters.JUnitXMLReporter -->
<testsuite ignored="0" hostname="Macbooks-MacBook-Pro.local" failures="0" tests="3" name="Login Tests" time="13.661" errors="0" timestamp="2026-02-09T10:33:15 GMT">
  <testcase classname="herokuapp.com.NewTest" name="verifyLoginWithValidCredencials" time="5.947"/>
  <testcase classname="herokuapp.com.NewTest" name="verifyLoginWithValidCredencials" time="3.963"/>
  <testcase classname="herokuapp.com.NewTest" name="verifyLoginWithValidCredencials" time="3.696"/>
</testsuite> <!-- Login Tests -->
