<?xml version="1.0" encoding="UTF-8"?>
<!-- Generated by org.testng.reporters.JUnitReportReporter -->
<testsuite hostname="Macbooks-MacBook-Pro.local" failures="0" tests="2" name="herokuapp.com.LoginTest" time="17.475" errors="0" timestamp="2026-02-20T18:19:13 GMT" skipped="0">
  <testcase classname="herokuapp.com.LoginTest" name="verifyLoginPageTitle" time="10.016"/>
  <testcase classname="herokuapp.com.LoginTest" name="verifyLoginPageTitle" time="7.459"/>
</testsuite> <!-- herokuapp.com.LoginTest -->
