<?xml version="1.0" encoding="UTF-8"?>
<!-- Generated by org.testng.reporters.JUnitReportReporter -->
<testsuite hostname="Macbooks-MacBook-Pro.local" failures="0" tests="3" name="herokuapp.com.NewTest" time="17.291" errors="0" timestamp="2026-02-20T18:19:13 GMT" skipped="0">
  <testcase classname="herokuapp.com.NewTest" name="verifyLoginWithValidCredencials" time="5.452"/>
  <testcase classname="herokuapp.com.NewTest" name="verifyLoginWithValidCredencials" time="5.631"/>
  <testcase classname="herokuapp.com.NewTest" name="verifyLoginWithValidCredencials" time="6.208"/>
</testsuite> <!-- herokuapp.com.NewTest -->
